==16328== Memcheck, a memory error detector
==16328== Copyright (C) 2002-2015, and GNU GPL'd, by Julian Seward et al.
==16328== Using Valgrind-3.12.0 and LibVEX; rerun with -h for copyright info
==16328== Command: ./tp
==16328== 
OK
	DoS: 122.166.142.108
	DoS: 111.199.235.239
	DoS: 144.76.194.187
==16328== 
==16328== HEAP SUMMARY:
==16328==     in use at exit: 102,916 bytes in 4,920 blocks
==16328==   total heap usage: 17,857 allocs, 12,937 frees, 413,411 bytes allocated
==16328== 
==16328== 54 (24 direct, 30 indirect) bytes in 1 blocks are definitely lost in loss record 2 of 25
==16328==    at 0x4C2DB2F: malloc (in /usr/lib/valgrind/vgpreload_memcheck-amd64-linux.so)
==16328==    by 0x10BC97: split (strutil.c:17)
==16328==    by 0x10BEC2: handle_input (tp2.c:33)
==16328==    by 0x10C059: start (tp2.c:74)
==16328==    by 0x10B995: main (main.c:14)
==16328== 
==16328== 10,216 (32 direct, 10,184 indirect) bytes in 1 blocks are definitely lost in loss record 20 of 25
==16328==    at 0x4C2DB2F: malloc (in /usr/lib/valgrind/vgpreload_memcheck-amd64-linux.so)
==16328==    by 0x108DC1: abb_crear (abb.c:60)
==16328==    by 0x10BEF8: handle_input (tp2.c:37)
==16328==    by 0x10C059: start (tp2.c:74)
==16328==    by 0x10B995: main (main.c:14)
==16328== 
==16328== 31,950 (32 direct, 31,918 indirect) bytes in 1 blocks are definitely lost in loss record 24 of 25
==16328==    at 0x4C2DB2F: malloc (in /usr/lib/valgrind/vgpreload_memcheck-amd64-linux.so)
==16328==    by 0x10A315: hash_crear (hash.c:122)
==16328==    by 0x10BEE0: handle_input (tp2.c:36)
==16328==    by 0x10C059: start (tp2.c:74)
==16328==    by 0x10B995: main (main.c:14)
==16328== 
==16328== 60,696 (32 direct, 60,664 indirect) bytes in 1 blocks are definitely lost in loss record 25 of 25
==16328==    at 0x4C2DB2F: malloc (in /usr/lib/valgrind/vgpreload_memcheck-amd64-linux.so)
==16328==    by 0x10A315: hash_crear (hash.c:122)
==16328==    by 0x10BF3F: handle_input (tp2.c:45)
==16328==    by 0x10C059: start (tp2.c:74)
==16328==    by 0x10B995: main (main.c:14)
==16328== 
==16328== LEAK SUMMARY:
==16328==    definitely lost: 120 bytes in 4 blocks
==16328==    indirectly lost: 102,796 bytes in 4,916 blocks
==16328==      possibly lost: 0 bytes in 0 blocks
==16328==    still reachable: 0 bytes in 0 blocks
==16328==         suppressed: 0 bytes in 0 blocks
==16328== 
==16328== For counts of detected and suppressed errors, rerun with: -v
==16328== ERROR SUMMARY: 4 errors from 4 contexts (suppressed: 0 from 0)
